0 info it worked if it ends with ok
1 verbose cli [ '/Users/endel/.nvm/v0.10.21/bin/node',
1 verbose cli   '/Users/endel/.nvm/v0.10.21/bin/npm',
1 verbose cli   'install',
1 verbose cli   '-g',
1 verbose cli   'html-min' ]
2 info using npm@1.3.11
3 info using node@v0.10.21
4 verbose cache add [ 'html-min', null ]
5 verbose cache add name=undefined spec="html-min" args=["html-min",null]
6 verbose parsed url { protocol: null,
6 verbose parsed url   slashes: null,
6 verbose parsed url   auth: null,
6 verbose parsed url   host: null,
6 verbose parsed url   port: null,
6 verbose parsed url   hostname: null,
6 verbose parsed url   hash: null,
6 verbose parsed url   search: null,
6 verbose parsed url   query: null,
6 verbose parsed url   pathname: 'html-min',
6 verbose parsed url   path: 'html-min',
6 verbose parsed url   href: 'html-min' }
7 silly lockFile 35d1e1a5-html-min html-min
8 verbose lock html-min /Users/endel/.npm/35d1e1a5-html-min.lock
9 silly lockFile 35d1e1a5-html-min html-min
10 silly lockFile 35d1e1a5-html-min html-min
11 verbose addNamed [ 'html-min', '' ]
12 verbose addNamed [ null, '*' ]
13 silly lockFile 36491603-html-min html-min@
14 verbose lock html-min@ /Users/endel/.npm/36491603-html-min.lock
15 silly addNameRange { name: 'html-min', range: '*', hasData: false }
16 verbose url raw html-min
17 verbose url resolving [ 'https://registry.npmjs.org/', './html-min' ]
18 verbose url resolved https://registry.npmjs.org/html-min
19 info trying registry request attempt 1 at 23:23:45
20 http GET https://registry.npmjs.org/html-min
21 http 404 https://registry.npmjs.org/html-min
22 silly registry.get cb [ 404,
22 silly registry.get   { date: 'Tue, 01 Apr 2014 02:23:02 GMT',
22 silly registry.get     server: 'CouchDB/1.5.0 (Erlang OTP/R14B04)',
22 silly registry.get     'content-type': 'application/json',
22 silly registry.get     'accept-ranges': 'bytes',
22 silly registry.get     via: '1.1 varnish',
22 silly registry.get     'cache-control': 'max-age=0',
22 silly registry.get     'content-length': '52',
22 silly registry.get     'x-served-by': 'cache-v41-ASH, cache-jfk1026-JFK',
22 silly registry.get     'x-cache': 'MISS, MISS',
22 silly registry.get     'x-cache-hits': '0, 0',
22 silly registry.get     'x-timer': 'S1396318982.577455997,VS0,VS4,VE97,VE101',
22 silly registry.get     'keep-alive': 'timeout=10, max=50',
22 silly registry.get     connection: 'Keep-Alive' } ]
23 silly lockFile 36491603-html-min html-min@
24 silly lockFile 36491603-html-min html-min@
25 error 404 'html-min' is not in the npm registry.
25 error 404 You should bug the author to publish it
25 error 404
25 error 404 Note that you can also install from a
25 error 404 tarball, folder, or http url, or git url.
26 error System Darwin 13.1.0
27 error command "/Users/endel/.nvm/v0.10.21/bin/node" "/Users/endel/.nvm/v0.10.21/bin/npm" "install" "-g" "html-min"
28 error cwd /Users/endel/Projects/lazy-asset-manager/app
29 error node -v v0.10.21
30 error npm -v 1.3.11
31 error code E404
32 verbose exit [ 1, true ]
